<?xml version="1.0" encoding="UTF-8"?>
<testsuite name="CalculatorTest" tests="8" skipped="0" failures="0" errors="0" timestamp="2019-09-16T04:08:42" hostname="Nurman" time="0.012">
  <properties/>
  <testcase name="subtraction" classname="CalculatorTest" time="0.002"/>
  <testcase name="divideByNol" classname="CalculatorTest" time="0.002"/>
  <testcase name="divide" classname="CalculatorTest" time="0.001"/>
  <testcase name="multiplicationByNol" classname="CalculatorTest" time="0.001"/>
  <testcase name="modulusByNol" classname="CalculatorTest" time="0.0"/>
  <testcase name="add" classname="CalculatorTest" time="0.001"/>
  <testcase name="multiplication" classname="CalculatorTest" time="0.002"/>
  <testcase name="modulus" classname="CalculatorTest" time="0.001"/>
  <system-out><![CDATA[]]></system-out>
  <system-err><![CDATA[]]></system-err>
</testsuite>
